The system is: Linux - 2.6.32-431.17.1.el6.x86_64 - x86_64
Compiling the C compiler identification source file "CMakeCCompilerId.c" succeeded.
Compiler: /data/opt/gcc-6.1.0-bottle/bin/gcc 
Build flags: 
Id flags:  

The output was:
0


Compilation of the C compiler identification source "CMakeCCompilerId.c" produced "a.out"

The C compiler identification is GNU, found in "/data/opt/tmp/1155107959/husky-sql/build/CMakeFiles/3.10.1/CompilerIdC/a.out"

Compiling the CXX compiler identification source file "CMakeCXXCompilerId.cpp" succeeded.
Compiler: /data/opt/gcc-6.1.0-bottle/bin/g++ 
Build flags: 
Id flags:  

The output was:
0


Compilation of the CXX compiler identification source "CMakeCXXCompilerId.cpp" produced "a.out"

The CXX compiler identification is GNU, found in "/data/opt/tmp/1155107959/husky-sql/build/CMakeFiles/3.10.1/CompilerIdCXX/a.out"

Determining if the C compiler works passed with the following output:
Change Dir: /data/opt/tmp/1155107959/husky-sql/build/CMakeFiles/CMakeTmp

Run Build Command:"/usr/bin/gmake" "cmTC_7aa31/fast"
/usr/bin/gmake -f CMakeFiles/cmTC_7aa31.dir/build.make CMakeFiles/cmTC_7aa31.dir/build
gmake[1]: Entering directory `/data/opt/tmp/1155107959/husky-sql/build/CMakeFiles/CMakeTmp'
Building C object CMakeFiles/cmTC_7aa31.dir/testCCompiler.c.o
/data/opt/gcc-6.1.0-bottle/bin/gcc    -o CMakeFiles/cmTC_7aa31.dir/testCCompiler.c.o   -c /data/opt/tmp/1155107959/husky-sql/build/CMakeFiles/CMakeTmp/testCCompiler.c
Linking C executable cmTC_7aa31
/data/opt/brew/Cellar/cmake/3.10.1/bin/cmake -E cmake_link_script CMakeFiles/cmTC_7aa31.dir/link.txt --verbose=1
/data/opt/gcc-6.1.0-bottle/bin/gcc      -rdynamic CMakeFiles/cmTC_7aa31.dir/testCCompiler.c.o  -o cmTC_7aa31 
gmake[1]: Leaving directory `/data/opt/tmp/1155107959/husky-sql/build/CMakeFiles/CMakeTmp'


Detecting C compiler ABI info compiled with the following output:
Change Dir: /data/opt/tmp/1155107959/husky-sql/build/CMakeFiles/CMakeTmp

Run Build Command:"/usr/bin/gmake" "cmTC_6bb61/fast"
/usr/bin/gmake -f CMakeFiles/cmTC_6bb61.dir/build.make CMakeFiles/cmTC_6bb61.dir/build
gmake[1]: Entering directory `/data/opt/tmp/1155107959/husky-sql/build/CMakeFiles/CMakeTmp'
Building C object CMakeFiles/cmTC_6bb61.dir/CMakeCCompilerABI.c.o
/data/opt/gcc-6.1.0-bottle/bin/gcc    -o CMakeFiles/cmTC_6bb61.dir/CMakeCCompilerABI.c.o   -c /data/opt/brew/Cellar/cmake/3.10.1/share/cmake/Modules/CMakeCCompilerABI.c
Linking C executable cmTC_6bb61
/data/opt/brew/Cellar/cmake/3.10.1/bin/cmake -E cmake_link_script CMakeFiles/cmTC_6bb61.dir/link.txt --verbose=1
/data/opt/gcc-6.1.0-bottle/bin/gcc     -v -rdynamic CMakeFiles/cmTC_6bb61.dir/CMakeCCompilerABI.c.o  -o cmTC_6bb61 
Using built-in specs.
COLLECT_GCC=/data/opt/gcc-6.1.0-bottle/bin/gcc
COLLECT_LTO_WRAPPER=/data/opt/gcc-6.1.0-bottle/libexec/gcc/x86_64-pc-linux-gnu/6.1.0/lto-wrapper
Target: x86_64-pc-linux-gnu
Configured with: ../gcc-6.1.0/configure --prefix=/data/opt/gcc-6.1.0-bottle/ --disable-multilib --enable-languages=c,c++ --disable-nls
Thread model: posix
gcc version 6.1.0 (GCC) 
COMPILER_PATH=/data/opt/gcc-6.1.0-bottle/libexec/gcc/x86_64-pc-linux-gnu/6.1.0/:/data/opt/gcc-6.1.0-bottle/libexec/gcc/x86_64-pc-linux-gnu/6.1.0/:/data/opt/gcc-6.1.0-bottle/libexec/gcc/x86_64-pc-linux-gnu/:/data/opt/gcc-6.1.0-bottle/lib/gcc/x86_64-pc-linux-gnu/6.1.0/:/data/opt/gcc-6.1.0-bottle/lib/gcc/x86_64-pc-linux-gnu/
LIBRARY_PATH=/data/opt/lib/../lib64/:/usr/local/lib/../lib64/:/lib64/../lib64/:/usr/lib64/../lib64/:/data/opt/gcc-6.1.0-bottle/lib/gcc/x86_64-pc-linux-gnu/6.1.0/:/data/opt/gcc-6.1.0-bottle/lib/gcc/x86_64-pc-linux-gnu/6.1.0/../../../../lib64/:/lib/../lib64/:/usr/lib/../lib64/:/data/opt/tmp/tati/install/lib/:/data/opt/lib/:/data/opt/brew/lib/:/usr/local/lib/:/lib64/:/usr/lib64/:/data/opt/jdk1.8.0_60/jre/lib/amd64/server/:/data/opt/hadoop-2.6.0/lib/native/:/data/opt/gcc-6.1.0-bottle/lib/gcc/x86_64-pc-linux-gnu/6.1.0/../../../:/lib/:/usr/lib/
COLLECT_GCC_OPTIONS='-v' '-rdynamic' '-o' 'cmTC_6bb61' '-mtune=generic' '-march=x86-64'
 /data/opt/gcc-6.1.0-bottle/libexec/gcc/x86_64-pc-linux-gnu/6.1.0/collect2 -plugin /data/opt/gcc-6.1.0-bottle/libexec/gcc/x86_64-pc-linux-gnu/6.1.0/liblto_plugin.so -plugin-opt=/data/opt/gcc-6.1.0-bottle/libexec/gcc/x86_64-pc-linux-gnu/6.1.0/lto-wrapper -plugin-opt=-fresolution=/tmp/ccyIy1Yi.res -plugin-opt=-pass-through=-lgcc -plugin-opt=-pass-through=-lgcc_s -plugin-opt=-pass-through=-lc -plugin-opt=-pass-through=-lgcc -plugin-opt=-pass-through=-lgcc_s --eh-frame-hdr -m elf_x86_64 -export-dynamic -dynamic-linker /lib64/ld-linux-x86-64.so.2 -o cmTC_6bb61 /data/opt/lib/../lib64/crt1.o /data/opt/lib/../lib64/crti.o /data/opt/gcc-6.1.0-bottle/lib/gcc/x86_64-pc-linux-gnu/6.1.0/crtbegin.o -L/data/opt/lib/../lib64 -L/usr/local/lib/../lib64 -L/lib64/../lib64 -L/usr/lib64/../lib64 -L/data/opt/gcc-6.1.0-bottle/lib/gcc/x86_64-pc-linux-gnu/6.1.0 -L/data/opt/gcc-6.1.0-bottle/lib/gcc/x86_64-pc-linux-gnu/6.1.0/../../../../lib64 -L/lib/../lib64 -L/usr/lib/../lib64 -L/data/opt/tmp/tati/install/lib -L/data/opt/lib -L/data/opt/brew/lib -L/usr/local/lib -L/lib64 -L/usr/lib64 -L/data/opt/jdk1.8.0_60/jre/lib/amd64/server -L/data/opt/hadoop-2.6.0/lib/native -L/data/opt/gcc-6.1.0-bottle/lib/gcc/x86_64-pc-linux-gnu/6.1.0/../../.. CMakeFiles/cmTC_6bb61.dir/CMakeCCompilerABI.c.o -lgcc --as-needed -lgcc_s --no-as-needed -lc -lgcc --as-needed -lgcc_s --no-as-needed /data/opt/gcc-6.1.0-bottle/lib/gcc/x86_64-pc-linux-gnu/6.1.0/crtend.o /data/opt/lib/../lib64/crtn.o
COLLECT_GCC_OPTIONS='-v' '-rdynamic' '-o' 'cmTC_6bb61' '-mtune=generic' '-march=x86-64'
gmake[1]: Leaving directory `/data/opt/tmp/1155107959/husky-sql/build/CMakeFiles/CMakeTmp'


Parsed C implicit link information from above output:
  link line regex: [^( *|.*[/\])(ld|CMAKE_LINK_STARTFILE-NOTFOUND|([^/\]+-)?ld|collect2)[^/\]*( |$)]
  ignore line: [Change Dir: /data/opt/tmp/1155107959/husky-sql/build/CMakeFiles/CMakeTmp]
  ignore line: []
  ignore line: [Run Build Command:"/usr/bin/gmake" "cmTC_6bb61/fast"]
  ignore line: [/usr/bin/gmake -f CMakeFiles/cmTC_6bb61.dir/build.make CMakeFiles/cmTC_6bb61.dir/build]
  ignore line: [gmake[1]: Entering directory `/data/opt/tmp/1155107959/husky-sql/build/CMakeFiles/CMakeTmp']
  ignore line: [Building C object CMakeFiles/cmTC_6bb61.dir/CMakeCCompilerABI.c.o]
  ignore line: [/data/opt/gcc-6.1.0-bottle/bin/gcc    -o CMakeFiles/cmTC_6bb61.dir/CMakeCCompilerABI.c.o   -c /data/opt/brew/Cellar/cmake/3.10.1/share/cmake/Modules/CMakeCCompilerABI.c]
  ignore line: [Linking C executable cmTC_6bb61]
  ignore line: [/data/opt/brew/Cellar/cmake/3.10.1/bin/cmake -E cmake_link_script CMakeFiles/cmTC_6bb61.dir/link.txt --verbose=1]
  ignore line: [/data/opt/gcc-6.1.0-bottle/bin/gcc     -v -rdynamic CMakeFiles/cmTC_6bb61.dir/CMakeCCompilerABI.c.o  -o cmTC_6bb61 ]
  ignore line: [Using built-in specs.]
  ignore line: [COLLECT_GCC=/data/opt/gcc-6.1.0-bottle/bin/gcc]
  ignore line: [COLLECT_LTO_WRAPPER=/data/opt/gcc-6.1.0-bottle/libexec/gcc/x86_64-pc-linux-gnu/6.1.0/lto-wrapper]
  ignore line: [Target: x86_64-pc-linux-gnu]
  ignore line: [Configured with: ../gcc-6.1.0/configure --prefix=/data/opt/gcc-6.1.0-bottle/ --disable-multilib --enable-languages=c,c++ --disable-nls]
  ignore line: [Thread model: posix]
  ignore line: [gcc version 6.1.0 (GCC) ]
  ignore line: [COMPILER_PATH=/data/opt/gcc-6.1.0-bottle/libexec/gcc/x86_64-pc-linux-gnu/6.1.0/:/data/opt/gcc-6.1.0-bottle/libexec/gcc/x86_64-pc-linux-gnu/6.1.0/:/data/opt/gcc-6.1.0-bottle/libexec/gcc/x86_64-pc-linux-gnu/:/data/opt/gcc-6.1.0-bottle/lib/gcc/x86_64-pc-linux-gnu/6.1.0/:/data/opt/gcc-6.1.0-bottle/lib/gcc/x86_64-pc-linux-gnu/]
  ignore line: [LIBRARY_PATH=/data/opt/lib/../lib64/:/usr/local/lib/../lib64/:/lib64/../lib64/:/usr/lib64/../lib64/:/data/opt/gcc-6.1.0-bottle/lib/gcc/x86_64-pc-linux-gnu/6.1.0/:/data/opt/gcc-6.1.0-bottle/lib/gcc/x86_64-pc-linux-gnu/6.1.0/../../../../lib64/:/lib/../lib64/:/usr/lib/../lib64/:/data/opt/tmp/tati/install/lib/:/data/opt/lib/:/data/opt/brew/lib/:/usr/local/lib/:/lib64/:/usr/lib64/:/data/opt/jdk1.8.0_60/jre/lib/amd64/server/:/data/opt/hadoop-2.6.0/lib/native/:/data/opt/gcc-6.1.0-bottle/lib/gcc/x86_64-pc-linux-gnu/6.1.0/../../../:/lib/:/usr/lib/]
  ignore line: [COLLECT_GCC_OPTIONS='-v' '-rdynamic' '-o' 'cmTC_6bb61' '-mtune=generic' '-march=x86-64']
  link line: [ /data/opt/gcc-6.1.0-bottle/libexec/gcc/x86_64-pc-linux-gnu/6.1.0/collect2 -plugin /data/opt/gcc-6.1.0-bottle/libexec/gcc/x86_64-pc-linux-gnu/6.1.0/liblto_plugin.so -plugin-opt=/data/opt/gcc-6.1.0-bottle/libexec/gcc/x86_64-pc-linux-gnu/6.1.0/lto-wrapper -plugin-opt=-fresolution=/tmp/ccyIy1Yi.res -plugin-opt=-pass-through=-lgcc -plugin-opt=-pass-through=-lgcc_s -plugin-opt=-pass-through=-lc -plugin-opt=-pass-through=-lgcc -plugin-opt=-pass-through=-lgcc_s --eh-frame-hdr -m elf_x86_64 -export-dynamic -dynamic-linker /lib64/ld-linux-x86-64.so.2 -o cmTC_6bb61 /data/opt/lib/../lib64/crt1.o /data/opt/lib/../lib64/crti.o /data/opt/gcc-6.1.0-bottle/lib/gcc/x86_64-pc-linux-gnu/6.1.0/crtbegin.o -L/data/opt/lib/../lib64 -L/usr/local/lib/../lib64 -L/lib64/../lib64 -L/usr/lib64/../lib64 -L/data/opt/gcc-6.1.0-bottle/lib/gcc/x86_64-pc-linux-gnu/6.1.0 -L/data/opt/gcc-6.1.0-bottle/lib/gcc/x86_64-pc-linux-gnu/6.1.0/../../../../lib64 -L/lib/../lib64 -L/usr/lib/../lib64 -L/data/opt/tmp/tati/install/lib -L/data/opt/lib -L/data/opt/brew/lib -L/usr/local/lib -L/lib64 -L/usr/lib64 -L/data/opt/jdk1.8.0_60/jre/lib/amd64/server -L/data/opt/hadoop-2.6.0/lib/native -L/data/opt/gcc-6.1.0-bottle/lib/gcc/x86_64-pc-linux-gnu/6.1.0/../../.. CMakeFiles/cmTC_6bb61.dir/CMakeCCompilerABI.c.o -lgcc --as-needed -lgcc_s --no-as-needed -lc -lgcc --as-needed -lgcc_s --no-as-needed /data/opt/gcc-6.1.0-bottle/lib/gcc/x86_64-pc-linux-gnu/6.1.0/crtend.o /data/opt/lib/../lib64/crtn.o]
    arg [/data/opt/gcc-6.1.0-bottle/libexec/gcc/x86_64-pc-linux-gnu/6.1.0/collect2] ==> ignore
    arg [-plugin] ==> ignore
    arg [/data/opt/gcc-6.1.0-bottle/libexec/gcc/x86_64-pc-linux-gnu/6.1.0/liblto_plugin.so] ==> ignore
    arg [-plugin-opt=/data/opt/gcc-6.1.0-bottle/libexec/gcc/x86_64-pc-linux-gnu/6.1.0/lto-wrapper] ==> ignore
    arg [-plugin-opt=-fresolution=/tmp/ccyIy1Yi.res] ==> ignore
    arg [-plugin-opt=-pass-through=-lgcc] ==> ignore
    arg [-plugin-opt=-pass-through=-lgcc_s] ==> ignore
    arg [-plugin-opt=-pass-through=-lc] ==> ignore
    arg [-plugin-opt=-pass-through=-lgcc] ==> ignore
    arg [-plugin-opt=-pass-through=-lgcc_s] ==> ignore
    arg [--eh-frame-hdr] ==> ignore
    arg [-m] ==> ignore
    arg [elf_x86_64] ==> ignore
    arg [-export-dynamic] ==> ignore
    arg [-dynamic-linker] ==> ignore
    arg [/lib64/ld-linux-x86-64.so.2] ==> ignore
    arg [-o] ==> ignore
    arg [cmTC_6bb61] ==> ignore
    arg [/data/opt/lib/../lib64/crt1.o] ==> ignore
    arg [/data/opt/lib/../lib64/crti.o] ==> ignore
    arg [/data/opt/gcc-6.1.0-bottle/lib/gcc/x86_64-pc-linux-gnu/6.1.0/crtbegin.o] ==> ignore
    arg [-L/data/opt/lib/../lib64] ==> dir [/data/opt/lib/../lib64]
    arg [-L/usr/local/lib/../lib64] ==> dir [/usr/local/lib/../lib64]
    arg [-L/lib64/../lib64] ==> dir [/lib64/../lib64]
    arg [-L/usr/lib64/../lib64] ==> dir [/usr/lib64/../lib64]
    arg [-L/data/opt/gcc-6.1.0-bottle/lib/gcc/x86_64-pc-linux-gnu/6.1.0] ==> dir [/data/opt/gcc-6.1.0-bottle/lib/gcc/x86_64-pc-linux-gnu/6.1.0]
    arg [-L/data/opt/gcc-6.1.0-bottle/lib/gcc/x86_64-pc-linux-gnu/6.1.0/../../../../lib64] ==> dir [/data/opt/gcc-6.1.0-bottle/lib/gcc/x86_64-pc-linux-gnu/6.1.0/../../../../lib64]
    arg [-L/lib/../lib64] ==> dir [/lib/../lib64]
    arg [-L/usr/lib/../lib64] ==> dir [/usr/lib/../lib64]
    arg [-L/data/opt/tmp/tati/install/lib] ==> dir [/data/opt/tmp/tati/install/lib]
    arg [-L/data/opt/lib] ==> dir [/data/opt/lib]
    arg [-L/data/opt/brew/lib] ==> dir [/data/opt/brew/lib]
    arg [-L/usr/local/lib] ==> dir [/usr/local/lib]
    arg [-L/lib64] ==> dir [/lib64]
    arg [-L/usr/lib64] ==> dir [/usr/lib64]
    arg [-L/data/opt/jdk1.8.0_60/jre/lib/amd64/server] ==> dir [/data/opt/jdk1.8.0_60/jre/lib/amd64/server]
    arg [-L/data/opt/hadoop-2.6.0/lib/native] ==> dir [/data/opt/hadoop-2.6.0/lib/native]
    arg [-L/data/opt/gcc-6.1.0-bottle/lib/gcc/x86_64-pc-linux-gnu/6.1.0/../../..] ==> dir [/data/opt/gcc-6.1.0-bottle/lib/gcc/x86_64-pc-linux-gnu/6.1.0/../../..]
    arg [CMakeFiles/cmTC_6bb61.dir/CMakeCCompilerABI.c.o] ==> ignore
    arg [-lgcc] ==> lib [gcc]
    arg [--as-needed] ==> ignore
    arg [-lgcc_s] ==> lib [gcc_s]
    arg [--no-as-needed] ==> ignore
    arg [-lc] ==> lib [c]
    arg [-lgcc] ==> lib [gcc]
    arg [--as-needed] ==> ignore
    arg [-lgcc_s] ==> lib [gcc_s]
    arg [--no-as-needed] ==> ignore
    arg [/data/opt/gcc-6.1.0-bottle/lib/gcc/x86_64-pc-linux-gnu/6.1.0/crtend.o] ==> ignore
    arg [/data/opt/lib/../lib64/crtn.o] ==> ignore
  collapse library dir [/data/opt/lib/../lib64] ==> [/data/opt/lib64]
  collapse library dir [/usr/local/lib/../lib64] ==> [/usr/local/lib64]
  collapse library dir [/lib64/../lib64] ==> [/lib64]
  collapse library dir [/usr/lib64/../lib64] ==> [/usr/lib64]
  collapse library dir [/data/opt/gcc-6.1.0-bottle/lib/gcc/x86_64-pc-linux-gnu/6.1.0] ==> [/data/opt/gcc-6.1.0-bottle/lib/gcc/x86_64-pc-linux-gnu/6.1.0]
  collapse library dir [/data/opt/gcc-6.1.0-bottle/lib/gcc/x86_64-pc-linux-gnu/6.1.0/../../../../lib64] ==> [/data/opt/gcc-6.1.0-bottle/lib64]
  collapse library dir [/lib/../lib64] ==> [/lib64]
  collapse library dir [/usr/lib/../lib64] ==> [/usr/lib64]
  collapse library dir [/data/opt/tmp/tati/install/lib] ==> [/data/opt/tmp/tati/install/lib]
  collapse library dir [/data/opt/lib] ==> [/data/opt/lib]
  collapse library dir [/data/opt/brew/lib] ==> [/data/opt/brew/lib]
  collapse library dir [/usr/local/lib] ==> [/usr/local/lib]
  collapse library dir [/lib64] ==> [/lib64]
  collapse library dir [/usr/lib64] ==> [/usr/lib64]
  collapse library dir [/data/opt/jdk1.8.0_60/jre/lib/amd64/server] ==> [/data/opt/jdk1.8.0_60/jre/lib/amd64/server]
  collapse library dir [/data/opt/hadoop-2.6.0/lib/native] ==> [/data/opt/hadoop-2.6.0/lib/native]
  collapse library dir [/data/opt/gcc-6.1.0-bottle/lib/gcc/x86_64-pc-linux-gnu/6.1.0/../../..] ==> [/data/opt/gcc-6.1.0-bottle/lib]
  implicit libs: [gcc;gcc_s;c;gcc;gcc_s]
  implicit dirs: [/data/opt/lib64;/usr/local/lib64;/lib64;/usr/lib64;/data/opt/gcc-6.1.0-bottle/lib/gcc/x86_64-pc-linux-gnu/6.1.0;/data/opt/gcc-6.1.0-bottle/lib64;/data/opt/tmp/tati/install/lib;/data/opt/lib;/data/opt/brew/lib;/usr/local/lib;/data/opt/jdk1.8.0_60/jre/lib/amd64/server;/data/opt/hadoop-2.6.0/lib/native;/data/opt/gcc-6.1.0-bottle/lib]
  implicit fwks: []




Detecting C [-std=c11] compiler features compiled with the following output:
Change Dir: /data/opt/tmp/1155107959/husky-sql/build/CMakeFiles/CMakeTmp

Run Build Command:"/usr/bin/gmake" "cmTC_cfcf9/fast"
/usr/bin/gmake -f CMakeFiles/cmTC_cfcf9.dir/build.make CMakeFiles/cmTC_cfcf9.dir/build
gmake[1]: Entering directory `/data/opt/tmp/1155107959/husky-sql/build/CMakeFiles/CMakeTmp'
Building C object CMakeFiles/cmTC_cfcf9.dir/feature_tests.c.o
/data/opt/gcc-6.1.0-bottle/bin/gcc   -std=c11 -o CMakeFiles/cmTC_cfcf9.dir/feature_tests.c.o   -c /data/opt/tmp/1155107959/husky-sql/build/CMakeFiles/feature_tests.c
Linking C executable cmTC_cfcf9
/data/opt/brew/Cellar/cmake/3.10.1/bin/cmake -E cmake_link_script CMakeFiles/cmTC_cfcf9.dir/link.txt --verbose=1
/data/opt/gcc-6.1.0-bottle/bin/gcc      -rdynamic CMakeFiles/cmTC_cfcf9.dir/feature_tests.c.o  -o cmTC_cfcf9 
gmake[1]: Leaving directory `/data/opt/tmp/1155107959/husky-sql/build/CMakeFiles/CMakeTmp'


    Feature record: C_FEATURE:1c_function_prototypes
    Feature record: C_FEATURE:1c_restrict
    Feature record: C_FEATURE:1c_static_assert
    Feature record: C_FEATURE:1c_variadic_macros


Detecting C [-std=c99] compiler features compiled with the following output:
Change Dir: /data/opt/tmp/1155107959/husky-sql/build/CMakeFiles/CMakeTmp

Run Build Command:"/usr/bin/gmake" "cmTC_7a0fe/fast"
/usr/bin/gmake -f CMakeFiles/cmTC_7a0fe.dir/build.make CMakeFiles/cmTC_7a0fe.dir/build
gmake[1]: Entering directory `/data/opt/tmp/1155107959/husky-sql/build/CMakeFiles/CMakeTmp'
Building C object CMakeFiles/cmTC_7a0fe.dir/feature_tests.c.o
/data/opt/gcc-6.1.0-bottle/bin/gcc   -std=c99 -o CMakeFiles/cmTC_7a0fe.dir/feature_tests.c.o   -c /data/opt/tmp/1155107959/husky-sql/build/CMakeFiles/feature_tests.c
Linking C executable cmTC_7a0fe
/data/opt/brew/Cellar/cmake/3.10.1/bin/cmake -E cmake_link_script CMakeFiles/cmTC_7a0fe.dir/link.txt --verbose=1
/data/opt/gcc-6.1.0-bottle/bin/gcc      -rdynamic CMakeFiles/cmTC_7a0fe.dir/feature_tests.c.o  -o cmTC_7a0fe 
gmake[1]: Leaving directory `/data/opt/tmp/1155107959/husky-sql/build/CMakeFiles/CMakeTmp'


    Feature record: C_FEATURE:1c_function_prototypes
    Feature record: C_FEATURE:1c_restrict
    Feature record: C_FEATURE:0c_static_assert
    Feature record: C_FEATURE:1c_variadic_macros


Detecting C [-std=c90] compiler features compiled with the following output:
Change Dir: /data/opt/tmp/1155107959/husky-sql/build/CMakeFiles/CMakeTmp

Run Build Command:"/usr/bin/gmake" "cmTC_76f9f/fast"
/usr/bin/gmake -f CMakeFiles/cmTC_76f9f.dir/build.make CMakeFiles/cmTC_76f9f.dir/build
gmake[1]: Entering directory `/data/opt/tmp/1155107959/husky-sql/build/CMakeFiles/CMakeTmp'
Building C object CMakeFiles/cmTC_76f9f.dir/feature_tests.c.o
/data/opt/gcc-6.1.0-bottle/bin/gcc   -std=c90 -o CMakeFiles/cmTC_76f9f.dir/feature_tests.c.o   -c /data/opt/tmp/1155107959/husky-sql/build/CMakeFiles/feature_tests.c
Linking C executable cmTC_76f9f
/data/opt/brew/Cellar/cmake/3.10.1/bin/cmake -E cmake_link_script CMakeFiles/cmTC_76f9f.dir/link.txt --verbose=1
/data/opt/gcc-6.1.0-bottle/bin/gcc      -rdynamic CMakeFiles/cmTC_76f9f.dir/feature_tests.c.o  -o cmTC_76f9f 
gmake[1]: Leaving directory `/data/opt/tmp/1155107959/husky-sql/build/CMakeFiles/CMakeTmp'


    Feature record: C_FEATURE:1c_function_prototypes
    Feature record: C_FEATURE:0c_restrict
    Feature record: C_FEATURE:0c_static_assert
    Feature record: C_FEATURE:0c_variadic_macros
Determining if the CXX compiler works passed with the following output:
Change Dir: /data/opt/tmp/1155107959/husky-sql/build/CMakeFiles/CMakeTmp

Run Build Command:"/usr/bin/gmake" "cmTC_21bbe/fast"
/usr/bin/gmake -f CMakeFiles/cmTC_21bbe.dir/build.make CMakeFiles/cmTC_21bbe.dir/build
gmake[1]: Entering directory `/data/opt/tmp/1155107959/husky-sql/build/CMakeFiles/CMakeTmp'
Building CXX object CMakeFiles/cmTC_21bbe.dir/testCXXCompiler.cxx.o
/data/opt/gcc-6.1.0-bottle/bin/g++     -o CMakeFiles/cmTC_21bbe.dir/testCXXCompiler.cxx.o -c /data/opt/tmp/1155107959/husky-sql/build/CMakeFiles/CMakeTmp/testCXXCompiler.cxx
Linking CXX executable cmTC_21bbe
/data/opt/brew/Cellar/cmake/3.10.1/bin/cmake -E cmake_link_script CMakeFiles/cmTC_21bbe.dir/link.txt --verbose=1
/data/opt/gcc-6.1.0-bottle/bin/g++       -rdynamic CMakeFiles/cmTC_21bbe.dir/testCXXCompiler.cxx.o  -o cmTC_21bbe 
gmake[1]: Leaving directory `/data/opt/tmp/1155107959/husky-sql/build/CMakeFiles/CMakeTmp'


Detecting CXX compiler ABI info compiled with the following output:
Change Dir: /data/opt/tmp/1155107959/husky-sql/build/CMakeFiles/CMakeTmp

Run Build Command:"/usr/bin/gmake" "cmTC_154b9/fast"
/usr/bin/gmake -f CMakeFiles/cmTC_154b9.dir/build.make CMakeFiles/cmTC_154b9.dir/build
gmake[1]: Entering directory `/data/opt/tmp/1155107959/husky-sql/build/CMakeFiles/CMakeTmp'
Building CXX object CMakeFiles/cmTC_154b9.dir/CMakeCXXCompilerABI.cpp.o
/data/opt/gcc-6.1.0-bottle/bin/g++     -o CMakeFiles/cmTC_154b9.dir/CMakeCXXCompilerABI.cpp.o -c /data/opt/brew/Cellar/cmake/3.10.1/share/cmake/Modules/CMakeCXXCompilerABI.cpp
Linking CXX executable cmTC_154b9
/data/opt/brew/Cellar/cmake/3.10.1/bin/cmake -E cmake_link_script CMakeFiles/cmTC_154b9.dir/link.txt --verbose=1
/data/opt/gcc-6.1.0-bottle/bin/g++      -v -rdynamic CMakeFiles/cmTC_154b9.dir/CMakeCXXCompilerABI.cpp.o  -o cmTC_154b9 
Using built-in specs.
COLLECT_GCC=/data/opt/gcc-6.1.0-bottle/bin/g++
COLLECT_LTO_WRAPPER=/data/opt/gcc-6.1.0-bottle/libexec/gcc/x86_64-pc-linux-gnu/6.1.0/lto-wrapper
Target: x86_64-pc-linux-gnu
Configured with: ../gcc-6.1.0/configure --prefix=/data/opt/gcc-6.1.0-bottle/ --disable-multilib --enable-languages=c,c++ --disable-nls
Thread model: posix
gcc version 6.1.0 (GCC) 
COMPILER_PATH=/data/opt/gcc-6.1.0-bottle/libexec/gcc/x86_64-pc-linux-gnu/6.1.0/:/data/opt/gcc-6.1.0-bottle/libexec/gcc/x86_64-pc-linux-gnu/6.1.0/:/data/opt/gcc-6.1.0-bottle/libexec/gcc/x86_64-pc-linux-gnu/:/data/opt/gcc-6.1.0-bottle/lib/gcc/x86_64-pc-linux-gnu/6.1.0/:/data/opt/gcc-6.1.0-bottle/lib/gcc/x86_64-pc-linux-gnu/
LIBRARY_PATH=/data/opt/lib/../lib64/:/usr/local/lib/../lib64/:/lib64/../lib64/:/usr/lib64/../lib64/:/data/opt/gcc-6.1.0-bottle/lib/gcc/x86_64-pc-linux-gnu/6.1.0/:/data/opt/gcc-6.1.0-bottle/lib/gcc/x86_64-pc-linux-gnu/6.1.0/../../../../lib64/:/lib/../lib64/:/usr/lib/../lib64/:/data/opt/tmp/tati/install/lib/:/data/opt/lib/:/data/opt/brew/lib/:/usr/local/lib/:/lib64/:/usr/lib64/:/data/opt/jdk1.8.0_60/jre/lib/amd64/server/:/data/opt/hadoop-2.6.0/lib/native/:/data/opt/gcc-6.1.0-bottle/lib/gcc/x86_64-pc-linux-gnu/6.1.0/../../../:/lib/:/usr/lib/
COLLECT_GCC_OPTIONS='-v' '-rdynamic' '-o' 'cmTC_154b9' '-shared-libgcc' '-mtune=generic' '-march=x86-64'
 /data/opt/gcc-6.1.0-bottle/libexec/gcc/x86_64-pc-linux-gnu/6.1.0/collect2 -plugin /data/opt/gcc-6.1.0-bottle/libexec/gcc/x86_64-pc-linux-gnu/6.1.0/liblto_plugin.so -plugin-opt=/data/opt/gcc-6.1.0-bottle/libexec/gcc/x86_64-pc-linux-gnu/6.1.0/lto-wrapper -plugin-opt=-fresolution=/tmp/ccETqnFi.res -plugin-opt=-pass-through=-lgcc_s -plugin-opt=-pass-through=-lgcc -plugin-opt=-pass-through=-lc -plugin-opt=-pass-through=-lgcc_s -plugin-opt=-pass-through=-lgcc --eh-frame-hdr -m elf_x86_64 -export-dynamic -dynamic-linker /lib64/ld-linux-x86-64.so.2 -o cmTC_154b9 /data/opt/lib/../lib64/crt1.o /data/opt/lib/../lib64/crti.o /data/opt/gcc-6.1.0-bottle/lib/gcc/x86_64-pc-linux-gnu/6.1.0/crtbegin.o -L/data/opt/lib/../lib64 -L/usr/local/lib/../lib64 -L/lib64/../lib64 -L/usr/lib64/../lib64 -L/data/opt/gcc-6.1.0-bottle/lib/gcc/x86_64-pc-linux-gnu/6.1.0 -L/data/opt/gcc-6.1.0-bottle/lib/gcc/x86_64-pc-linux-gnu/6.1.0/../../../../lib64 -L/lib/../lib64 -L/usr/lib/../lib64 -L/data/opt/tmp/tati/install/lib -L/data/opt/lib -L/data/opt/brew/lib -L/usr/local/lib -L/lib64 -L/usr/lib64 -L/data/opt/jdk1.8.0_60/jre/lib/amd64/server -L/data/opt/hadoop-2.6.0/lib/native -L/data/opt/gcc-6.1.0-bottle/lib/gcc/x86_64-pc-linux-gnu/6.1.0/../../.. CMakeFiles/cmTC_154b9.dir/CMakeCXXCompilerABI.cpp.o -lstdc++ -lm -lgcc_s -lgcc -lc -lgcc_s -lgcc /data/opt/gcc-6.1.0-bottle/lib/gcc/x86_64-pc-linux-gnu/6.1.0/crtend.o /data/opt/lib/../lib64/crtn.o
COLLECT_GCC_OPTIONS='-v' '-rdynamic' '-o' 'cmTC_154b9' '-shared-libgcc' '-mtune=generic' '-march=x86-64'
gmake[1]: Leaving directory `/data/opt/tmp/1155107959/husky-sql/build/CMakeFiles/CMakeTmp'


Parsed CXX implicit link information from above output:
  link line regex: [^( *|.*[/\])(ld|CMAKE_LINK_STARTFILE-NOTFOUND|([^/\]+-)?ld|collect2)[^/\]*( |$)]
  ignore line: [Change Dir: /data/opt/tmp/1155107959/husky-sql/build/CMakeFiles/CMakeTmp]
  ignore line: []
  ignore line: [Run Build Command:"/usr/bin/gmake" "cmTC_154b9/fast"]
  ignore line: [/usr/bin/gmake -f CMakeFiles/cmTC_154b9.dir/build.make CMakeFiles/cmTC_154b9.dir/build]
  ignore line: [gmake[1]: Entering directory `/data/opt/tmp/1155107959/husky-sql/build/CMakeFiles/CMakeTmp']
  ignore line: [Building CXX object CMakeFiles/cmTC_154b9.dir/CMakeCXXCompilerABI.cpp.o]
  ignore line: [/data/opt/gcc-6.1.0-bottle/bin/g++     -o CMakeFiles/cmTC_154b9.dir/CMakeCXXCompilerABI.cpp.o -c /data/opt/brew/Cellar/cmake/3.10.1/share/cmake/Modules/CMakeCXXCompilerABI.cpp]
  ignore line: [Linking CXX executable cmTC_154b9]
  ignore line: [/data/opt/brew/Cellar/cmake/3.10.1/bin/cmake -E cmake_link_script CMakeFiles/cmTC_154b9.dir/link.txt --verbose=1]
  ignore line: [/data/opt/gcc-6.1.0-bottle/bin/g++      -v -rdynamic CMakeFiles/cmTC_154b9.dir/CMakeCXXCompilerABI.cpp.o  -o cmTC_154b9 ]
  ignore line: [Using built-in specs.]
  ignore line: [COLLECT_GCC=/data/opt/gcc-6.1.0-bottle/bin/g++]
  ignore line: [COLLECT_LTO_WRAPPER=/data/opt/gcc-6.1.0-bottle/libexec/gcc/x86_64-pc-linux-gnu/6.1.0/lto-wrapper]
  ignore line: [Target: x86_64-pc-linux-gnu]
  ignore line: [Configured with: ../gcc-6.1.0/configure --prefix=/data/opt/gcc-6.1.0-bottle/ --disable-multilib --enable-languages=c,c++ --disable-nls]
  ignore line: [Thread model: posix]
  ignore line: [gcc version 6.1.0 (GCC) ]
  ignore line: [COMPILER_PATH=/data/opt/gcc-6.1.0-bottle/libexec/gcc/x86_64-pc-linux-gnu/6.1.0/:/data/opt/gcc-6.1.0-bottle/libexec/gcc/x86_64-pc-linux-gnu/6.1.0/:/data/opt/gcc-6.1.0-bottle/libexec/gcc/x86_64-pc-linux-gnu/:/data/opt/gcc-6.1.0-bottle/lib/gcc/x86_64-pc-linux-gnu/6.1.0/:/data/opt/gcc-6.1.0-bottle/lib/gcc/x86_64-pc-linux-gnu/]
  ignore line: [LIBRARY_PATH=/data/opt/lib/../lib64/:/usr/local/lib/../lib64/:/lib64/../lib64/:/usr/lib64/../lib64/:/data/opt/gcc-6.1.0-bottle/lib/gcc/x86_64-pc-linux-gnu/6.1.0/:/data/opt/gcc-6.1.0-bottle/lib/gcc/x86_64-pc-linux-gnu/6.1.0/../../../../lib64/:/lib/../lib64/:/usr/lib/../lib64/:/data/opt/tmp/tati/install/lib/:/data/opt/lib/:/data/opt/brew/lib/:/usr/local/lib/:/lib64/:/usr/lib64/:/data/opt/jdk1.8.0_60/jre/lib/amd64/server/:/data/opt/hadoop-2.6.0/lib/native/:/data/opt/gcc-6.1.0-bottle/lib/gcc/x86_64-pc-linux-gnu/6.1.0/../../../:/lib/:/usr/lib/]
  ignore line: [COLLECT_GCC_OPTIONS='-v' '-rdynamic' '-o' 'cmTC_154b9' '-shared-libgcc' '-mtune=generic' '-march=x86-64']
  link line: [ /data/opt/gcc-6.1.0-bottle/libexec/gcc/x86_64-pc-linux-gnu/6.1.0/collect2 -plugin /data/opt/gcc-6.1.0-bottle/libexec/gcc/x86_64-pc-linux-gnu/6.1.0/liblto_plugin.so -plugin-opt=/data/opt/gcc-6.1.0-bottle/libexec/gcc/x86_64-pc-linux-gnu/6.1.0/lto-wrapper -plugin-opt=-fresolution=/tmp/ccETqnFi.res -plugin-opt=-pass-through=-lgcc_s -plugin-opt=-pass-through=-lgcc -plugin-opt=-pass-through=-lc -plugin-opt=-pass-through=-lgcc_s -plugin-opt=-pass-through=-lgcc --eh-frame-hdr -m elf_x86_64 -export-dynamic -dynamic-linker /lib64/ld-linux-x86-64.so.2 -o cmTC_154b9 /data/opt/lib/../lib64/crt1.o /data/opt/lib/../lib64/crti.o /data/opt/gcc-6.1.0-bottle/lib/gcc/x86_64-pc-linux-gnu/6.1.0/crtbegin.o -L/data/opt/lib/../lib64 -L/usr/local/lib/../lib64 -L/lib64/../lib64 -L/usr/lib64/../lib64 -L/data/opt/gcc-6.1.0-bottle/lib/gcc/x86_64-pc-linux-gnu/6.1.0 -L/data/opt/gcc-6.1.0-bottle/lib/gcc/x86_64-pc-linux-gnu/6.1.0/../../../../lib64 -L/lib/../lib64 -L/usr/lib/../lib64 -L/data/opt/tmp/tati/install/lib -L/data/opt/lib -L/data/opt/brew/lib -L/usr/local/lib -L/lib64 -L/usr/lib64 -L/data/opt/jdk1.8.0_60/jre/lib/amd64/server -L/data/opt/hadoop-2.6.0/lib/native -L/data/opt/gcc-6.1.0-bottle/lib/gcc/x86_64-pc-linux-gnu/6.1.0/../../.. CMakeFiles/cmTC_154b9.dir/CMakeCXXCompilerABI.cpp.o -lstdc++ -lm -lgcc_s -lgcc -lc -lgcc_s -lgcc /data/opt/gcc-6.1.0-bottle/lib/gcc/x86_64-pc-linux-gnu/6.1.0/crtend.o /data/opt/lib/../lib64/crtn.o]
    arg [/data/opt/gcc-6.1.0-bottle/libexec/gcc/x86_64-pc-linux-gnu/6.1.0/collect2] ==> ignore
    arg [-plugin] ==> ignore
    arg [/data/opt/gcc-6.1.0-bottle/libexec/gcc/x86_64-pc-linux-gnu/6.1.0/liblto_plugin.so] ==> ignore
    arg [-plugin-opt=/data/opt/gcc-6.1.0-bottle/libexec/gcc/x86_64-pc-linux-gnu/6.1.0/lto-wrapper] ==> ignore
    arg [-plugin-opt=-fresolution=/tmp/ccETqnFi.res] ==> ignore
    arg [-plugin-opt=-pass-through=-lgcc_s] ==> ignore
    arg [-plugin-opt=-pass-through=-lgcc] ==> ignore
    arg [-plugin-opt=-pass-through=-lc] ==> ignore
    arg [-plugin-opt=-pass-through=-lgcc_s] ==> ignore
    arg [-plugin-opt=-pass-through=-lgcc] ==> ignore
    arg [--eh-frame-hdr] ==> ignore
    arg [-m] ==> ignore
    arg [elf_x86_64] ==> ignore
    arg [-export-dynamic] ==> ignore
    arg [-dynamic-linker] ==> ignore
    arg [/lib64/ld-linux-x86-64.so.2] ==> ignore
    arg [-o] ==> ignore
    arg [cmTC_154b9] ==> ignore
    arg [/data/opt/lib/../lib64/crt1.o] ==> ignore
    arg [/data/opt/lib/../lib64/crti.o] ==> ignore
    arg [/data/opt/gcc-6.1.0-bottle/lib/gcc/x86_64-pc-linux-gnu/6.1.0/crtbegin.o] ==> ignore
    arg [-L/data/opt/lib/../lib64] ==> dir [/data/opt/lib/../lib64]
    arg [-L/usr/local/lib/../lib64] ==> dir [/usr/local/lib/../lib64]
    arg [-L/lib64/../lib64] ==> dir [/lib64/../lib64]
    arg [-L/usr/lib64/../lib64] ==> dir [/usr/lib64/../lib64]
    arg [-L/data/opt/gcc-6.1.0-bottle/lib/gcc/x86_64-pc-linux-gnu/6.1.0] ==> dir [/data/opt/gcc-6.1.0-bottle/lib/gcc/x86_64-pc-linux-gnu/6.1.0]
    arg [-L/data/opt/gcc-6.1.0-bottle/lib/gcc/x86_64-pc-linux-gnu/6.1.0/../../../../lib64] ==> dir [/data/opt/gcc-6.1.0-bottle/lib/gcc/x86_64-pc-linux-gnu/6.1.0/../../../../lib64]
    arg [-L/lib/../lib64] ==> dir [/lib/../lib64]
    arg [-L/usr/lib/../lib64] ==> dir [/usr/lib/../lib64]
    arg [-L/data/opt/tmp/tati/install/lib] ==> dir [/data/opt/tmp/tati/install/lib]
    arg [-L/data/opt/lib] ==> dir [/data/opt/lib]
    arg [-L/data/opt/brew/lib] ==> dir [/data/opt/brew/lib]
    arg [-L/usr/local/lib] ==> dir [/usr/local/lib]
    arg [-L/lib64] ==> dir [/lib64]
    arg [-L/usr/lib64] ==> dir [/usr/lib64]
    arg [-L/data/opt/jdk1.8.0_60/jre/lib/amd64/server] ==> dir [/data/opt/jdk1.8.0_60/jre/lib/amd64/server]
    arg [-L/data/opt/hadoop-2.6.0/lib/native] ==> dir [/data/opt/hadoop-2.6.0/lib/native]
    arg [-L/data/opt/gcc-6.1.0-bottle/lib/gcc/x86_64-pc-linux-gnu/6.1.0/../../..] ==> dir [/data/opt/gcc-6.1.0-bottle/lib/gcc/x86_64-pc-linux-gnu/6.1.0/../../..]
    arg [CMakeFiles/cmTC_154b9.dir/CMakeCXXCompilerABI.cpp.o] ==> ignore
    arg [-lstdc++] ==> lib [stdc++]
    arg [-lm] ==> lib [m]
    arg [-lgcc_s] ==> lib [gcc_s]
    arg [-lgcc] ==> lib [gcc]
    arg [-lc] ==> lib [c]
    arg [-lgcc_s] ==> lib [gcc_s]
    arg [-lgcc] ==> lib [gcc]
    arg [/data/opt/gcc-6.1.0-bottle/lib/gcc/x86_64-pc-linux-gnu/6.1.0/crtend.o] ==> ignore
    arg [/data/opt/lib/../lib64/crtn.o] ==> ignore
  collapse library dir [/data/opt/lib/../lib64] ==> [/data/opt/lib64]
  collapse library dir [/usr/local/lib/../lib64] ==> [/usr/local/lib64]
  collapse library dir [/lib64/../lib64] ==> [/lib64]
  collapse library dir [/usr/lib64/../lib64] ==> [/usr/lib64]
  collapse library dir [/data/opt/gcc-6.1.0-bottle/lib/gcc/x86_64-pc-linux-gnu/6.1.0] ==> [/data/opt/gcc-6.1.0-bottle/lib/gcc/x86_64-pc-linux-gnu/6.1.0]
  collapse library dir [/data/opt/gcc-6.1.0-bottle/lib/gcc/x86_64-pc-linux-gnu/6.1.0/../../../../lib64] ==> [/data/opt/gcc-6.1.0-bottle/lib64]
  collapse library dir [/lib/../lib64] ==> [/lib64]
  collapse library dir [/usr/lib/../lib64] ==> [/usr/lib64]
  collapse library dir [/data/opt/tmp/tati/install/lib] ==> [/data/opt/tmp/tati/install/lib]
  collapse library dir [/data/opt/lib] ==> [/data/opt/lib]
  collapse library dir [/data/opt/brew/lib] ==> [/data/opt/brew/lib]
  collapse library dir [/usr/local/lib] ==> [/usr/local/lib]
  collapse library dir [/lib64] ==> [/lib64]
  collapse library dir [/usr/lib64] ==> [/usr/lib64]
  collapse library dir [/data/opt/jdk1.8.0_60/jre/lib/amd64/server] ==> [/data/opt/jdk1.8.0_60/jre/lib/amd64/server]
  collapse library dir [/data/opt/hadoop-2.6.0/lib/native] ==> [/data/opt/hadoop-2.6.0/lib/native]
  collapse library dir [/data/opt/gcc-6.1.0-bottle/lib/gcc/x86_64-pc-linux-gnu/6.1.0/../../..] ==> [/data/opt/gcc-6.1.0-bottle/lib]
  implicit libs: [stdc++;m;gcc_s;gcc;c;gcc_s;gcc]
  implicit dirs: [/data/opt/lib64;/usr/local/lib64;/lib64;/usr/lib64;/data/opt/gcc-6.1.0-bottle/lib/gcc/x86_64-pc-linux-gnu/6.1.0;/data/opt/gcc-6.1.0-bottle/lib64;/data/opt/tmp/tati/install/lib;/data/opt/lib;/data/opt/brew/lib;/usr/local/lib;/data/opt/jdk1.8.0_60/jre/lib/amd64/server;/data/opt/hadoop-2.6.0/lib/native;/data/opt/gcc-6.1.0-bottle/lib]
  implicit fwks: []




Detecting CXX [-std=c++1z] compiler features compiled with the following output:
Change Dir: /data/opt/tmp/1155107959/husky-sql/build/CMakeFiles/CMakeTmp

Run Build Command:"/usr/bin/gmake" "cmTC_d01f7/fast"
/usr/bin/gmake -f CMakeFiles/cmTC_d01f7.dir/build.make CMakeFiles/cmTC_d01f7.dir/build
gmake[1]: Entering directory `/data/opt/tmp/1155107959/husky-sql/build/CMakeFiles/CMakeTmp'
Building CXX object CMakeFiles/cmTC_d01f7.dir/feature_tests.cxx.o
/data/opt/gcc-6.1.0-bottle/bin/g++    -std=c++1z -o CMakeFiles/cmTC_d01f7.dir/feature_tests.cxx.o -c /data/opt/tmp/1155107959/husky-sql/build/CMakeFiles/feature_tests.cxx
Linking CXX executable cmTC_d01f7
/data/opt/brew/Cellar/cmake/3.10.1/bin/cmake -E cmake_link_script CMakeFiles/cmTC_d01f7.dir/link.txt --verbose=1
/data/opt/gcc-6.1.0-bottle/bin/g++       -rdynamic CMakeFiles/cmTC_d01f7.dir/feature_tests.cxx.o  -o cmTC_d01f7 
gmake[1]: Leaving directory `/data/opt/tmp/1155107959/husky-sql/build/CMakeFiles/CMakeTmp'


    Feature record: CXX_FEATURE:1cxx_aggregate_default_initializers
    Feature record: CXX_FEATURE:1cxx_alias_templates
    Feature record: CXX_FEATURE:1cxx_alignas
    Feature record: CXX_FEATURE:1cxx_alignof
    Feature record: CXX_FEATURE:1cxx_attributes
    Feature record: CXX_FEATURE:1cxx_attribute_deprecated
    Feature record: CXX_FEATURE:1cxx_auto_type
    Feature record: CXX_FEATURE:1cxx_binary_literals
    Feature record: CXX_FEATURE:1cxx_constexpr
    Feature record: CXX_FEATURE:1cxx_contextual_conversions
    Feature record: CXX_FEATURE:1cxx_decltype
    Feature record: CXX_FEATURE:1cxx_decltype_auto
    Feature record: CXX_FEATURE:1cxx_decltype_incomplete_return_types
    Feature record: CXX_FEATURE:1cxx_default_function_template_args
    Feature record: CXX_FEATURE:1cxx_defaulted_functions
    Feature record: CXX_FEATURE:1cxx_defaulted_move_initializers
    Feature record: CXX_FEATURE:1cxx_delegating_constructors
    Feature record: CXX_FEATURE:1cxx_deleted_functions
    Feature record: CXX_FEATURE:1cxx_digit_separators
    Feature record: CXX_FEATURE:1cxx_enum_forward_declarations
    Feature record: CXX_FEATURE:1cxx_explicit_conversions
    Feature record: CXX_FEATURE:1cxx_extended_friend_declarations
    Feature record: CXX_FEATURE:1cxx_extern_templates
    Feature record: CXX_FEATURE:1cxx_final
    Feature record: CXX_FEATURE:1cxx_func_identifier
    Feature record: CXX_FEATURE:1cxx_generalized_initializers
    Feature record: CXX_FEATURE:1cxx_generic_lambdas
    Feature record: CXX_FEATURE:1cxx_inheriting_constructors
    Feature record: CXX_FEATURE:1cxx_inline_namespaces
    Feature record: CXX_FEATURE:1cxx_lambdas
    Feature record: CXX_FEATURE:1cxx_lambda_init_captures
    Feature record: CXX_FEATURE:1cxx_local_type_template_args
    Feature record: CXX_FEATURE:1cxx_long_long_type
    Feature record: CXX_FEATURE:1cxx_noexcept
    Feature record: CXX_FEATURE:1cxx_nonstatic_member_init
    Feature record: CXX_FEATURE:1cxx_nullptr
    Feature record: CXX_FEATURE:1cxx_override
    Feature record: CXX_FEATURE:1cxx_range_for
    Feature record: CXX_FEATURE:1cxx_raw_string_literals
    Feature record: CXX_FEATURE:1cxx_reference_qualified_functions
    Feature record: CXX_FEATURE:1cxx_relaxed_constexpr
    Feature record: CXX_FEATURE:1cxx_return_type_deduction
    Feature record: CXX_FEATURE:1cxx_right_angle_brackets
    Feature record: CXX_FEATURE:1cxx_rvalue_references
    Feature record: CXX_FEATURE:1cxx_sizeof_member
    Feature record: CXX_FEATURE:1cxx_static_assert
    Feature record: CXX_FEATURE:1cxx_strong_enums
    Feature record: CXX_FEATURE:1cxx_template_template_parameters
    Feature record: CXX_FEATURE:1cxx_thread_local
    Feature record: CXX_FEATURE:1cxx_trailing_return_types
    Feature record: CXX_FEATURE:1cxx_unicode_literals
    Feature record: CXX_FEATURE:1cxx_uniform_initialization
    Feature record: CXX_FEATURE:1cxx_unrestricted_unions
    Feature record: CXX_FEATURE:1cxx_user_literals
    Feature record: CXX_FEATURE:1cxx_variable_templates
    Feature record: CXX_FEATURE:1cxx_variadic_macros
    Feature record: CXX_FEATURE:1cxx_variadic_templates


Detecting CXX [-std=c++14] compiler features compiled with the following output:
Change Dir: /data/opt/tmp/1155107959/husky-sql/build/CMakeFiles/CMakeTmp

Run Build Command:"/usr/bin/gmake" "cmTC_ae2fb/fast"
/usr/bin/gmake -f CMakeFiles/cmTC_ae2fb.dir/build.make CMakeFiles/cmTC_ae2fb.dir/build
gmake[1]: Entering directory `/data/opt/tmp/1155107959/husky-sql/build/CMakeFiles/CMakeTmp'
Building CXX object CMakeFiles/cmTC_ae2fb.dir/feature_tests.cxx.o
/data/opt/gcc-6.1.0-bottle/bin/g++    -std=c++14 -o CMakeFiles/cmTC_ae2fb.dir/feature_tests.cxx.o -c /data/opt/tmp/1155107959/husky-sql/build/CMakeFiles/feature_tests.cxx
Linking CXX executable cmTC_ae2fb
/data/opt/brew/Cellar/cmake/3.10.1/bin/cmake -E cmake_link_script CMakeFiles/cmTC_ae2fb.dir/link.txt --verbose=1
/data/opt/gcc-6.1.0-bottle/bin/g++       -rdynamic CMakeFiles/cmTC_ae2fb.dir/feature_tests.cxx.o  -o cmTC_ae2fb 
gmake[1]: Leaving directory `/data/opt/tmp/1155107959/husky-sql/build/CMakeFiles/CMakeTmp'


    Feature record: CXX_FEATURE:1cxx_aggregate_default_initializers
    Feature record: CXX_FEATURE:1cxx_alias_templates
    Feature record: CXX_FEATURE:1cxx_alignas
    Feature record: CXX_FEATURE:1cxx_alignof
    Feature record: CXX_FEATURE:1cxx_attributes
    Feature record: CXX_FEATURE:1cxx_attribute_deprecated
    Feature record: CXX_FEATURE:1cxx_auto_type
    Feature record: CXX_FEATURE:1cxx_binary_literals
    Feature record: CXX_FEATURE:1cxx_constexpr
    Feature record: CXX_FEATURE:1cxx_contextual_conversions
    Feature record: CXX_FEATURE:1cxx_decltype
    Feature record: CXX_FEATURE:1cxx_decltype_auto
    Feature record: CXX_FEATURE:1cxx_decltype_incomplete_return_types
    Feature record: CXX_FEATURE:1cxx_default_function_template_args
    Feature record: CXX_FEATURE:1cxx_defaulted_functions
    Feature record: CXX_FEATURE:1cxx_defaulted_move_initializers
    Feature record: CXX_FEATURE:1cxx_delegating_constructors
    Feature record: CXX_FEATURE:1cxx_deleted_functions
    Feature record: CXX_FEATURE:1cxx_digit_separators
    Feature record: CXX_FEATURE:1cxx_enum_forward_declarations
    Feature record: CXX_FEATURE:1cxx_explicit_conversions
    Feature record: CXX_FEATURE:1cxx_extended_friend_declarations
    Feature record: CXX_FEATURE:1cxx_extern_templates
    Feature record: CXX_FEATURE:1cxx_final
    Feature record: CXX_FEATURE:1cxx_func_identifier
    Feature record: CXX_FEATURE:1cxx_generalized_initializers
    Feature record: CXX_FEATURE:1cxx_generic_lambdas
    Feature record: CXX_FEATURE:1cxx_inheriting_constructors
    Feature record: CXX_FEATURE:1cxx_inline_namespaces
    Feature record: CXX_FEATURE:1cxx_lambdas
    Feature record: CXX_FEATURE:1cxx_lambda_init_captures
    Feature record: CXX_FEATURE:1cxx_local_type_template_args
    Feature record: CXX_FEATURE:1cxx_long_long_type
    Feature record: CXX_FEATURE:1cxx_noexcept
    Feature record: CXX_FEATURE:1cxx_nonstatic_member_init
    Feature record: CXX_FEATURE:1cxx_nullptr
    Feature record: CXX_FEATURE:1cxx_override
    Feature record: CXX_FEATURE:1cxx_range_for
    Feature record: CXX_FEATURE:1cxx_raw_string_literals
    Feature record: CXX_FEATURE:1cxx_reference_qualified_functions
    Feature record: CXX_FEATURE:1cxx_relaxed_constexpr
    Feature record: CXX_FEATURE:1cxx_return_type_deduction
    Feature record: CXX_FEATURE:1cxx_right_angle_brackets
    Feature record: CXX_FEATURE:1cxx_rvalue_references
    Feature record: CXX_FEATURE:1cxx_sizeof_member
    Feature record: CXX_FEATURE:1cxx_static_assert
    Feature record: CXX_FEATURE:1cxx_strong_enums
    Feature record: CXX_FEATURE:1cxx_template_template_parameters
    Feature record: CXX_FEATURE:1cxx_thread_local
    Feature record: CXX_FEATURE:1cxx_trailing_return_types
    Feature record: CXX_FEATURE:1cxx_unicode_literals
    Feature record: CXX_FEATURE:1cxx_uniform_initialization
    Feature record: CXX_FEATURE:1cxx_unrestricted_unions
    Feature record: CXX_FEATURE:1cxx_user_literals
    Feature record: CXX_FEATURE:1cxx_variable_templates
    Feature record: CXX_FEATURE:1cxx_variadic_macros
    Feature record: CXX_FEATURE:1cxx_variadic_templates


Detecting CXX [-std=c++11] compiler features compiled with the following output:
Change Dir: /data/opt/tmp/1155107959/husky-sql/build/CMakeFiles/CMakeTmp

Run Build Command:"/usr/bin/gmake" "cmTC_04abb/fast"
/usr/bin/gmake -f CMakeFiles/cmTC_04abb.dir/build.make CMakeFiles/cmTC_04abb.dir/build
gmake[1]: Entering directory `/data/opt/tmp/1155107959/husky-sql/build/CMakeFiles/CMakeTmp'
Building CXX object CMakeFiles/cmTC_04abb.dir/feature_tests.cxx.o
/data/opt/gcc-6.1.0-bottle/bin/g++    -std=c++11 -o CMakeFiles/cmTC_04abb.dir/feature_tests.cxx.o -c /data/opt/tmp/1155107959/husky-sql/build/CMakeFiles/feature_tests.cxx
Linking CXX executable cmTC_04abb
/data/opt/brew/Cellar/cmake/3.10.1/bin/cmake -E cmake_link_script CMakeFiles/cmTC_04abb.dir/link.txt --verbose=1
/data/opt/gcc-6.1.0-bottle/bin/g++       -rdynamic CMakeFiles/cmTC_04abb.dir/feature_tests.cxx.o  -o cmTC_04abb 
gmake[1]: Leaving directory `/data/opt/tmp/1155107959/husky-sql/build/CMakeFiles/CMakeTmp'


    Feature record: CXX_FEATURE:0cxx_aggregate_default_initializers
    Feature record: CXX_FEATURE:1cxx_alias_templates
    Feature record: CXX_FEATURE:1cxx_alignas
    Feature record: CXX_FEATURE:1cxx_alignof
    Feature record: CXX_FEATURE:1cxx_attributes
    Feature record: CXX_FEATURE:0cxx_attribute_deprecated
    Feature record: CXX_FEATURE:1cxx_auto_type
    Feature record: CXX_FEATURE:0cxx_binary_literals
    Feature record: CXX_FEATURE:1cxx_constexpr
    Feature record: CXX_FEATURE:0cxx_contextual_conversions
    Feature record: CXX_FEATURE:1cxx_decltype
    Feature record: CXX_FEATURE:0cxx_decltype_auto
    Feature record: CXX_FEATURE:1cxx_decltype_incomplete_return_types
    Feature record: CXX_FEATURE:1cxx_default_function_template_args
    Feature record: CXX_FEATURE:1cxx_defaulted_functions
    Feature record: CXX_FEATURE:1cxx_defaulted_move_initializers
    Feature record: CXX_FEATURE:1cxx_delegating_constructors
    Feature record: CXX_FEATURE:1cxx_deleted_functions
    Feature record: CXX_FEATURE:0cxx_digit_separators
    Feature record: CXX_FEATURE:1cxx_enum_forward_declarations
    Feature record: CXX_FEATURE:1cxx_explicit_conversions
    Feature record: CXX_FEATURE:1cxx_extended_friend_declarations
    Feature record: CXX_FEATURE:1cxx_extern_templates
    Feature record: CXX_FEATURE:1cxx_final
    Feature record: CXX_FEATURE:1cxx_func_identifier
    Feature record: CXX_FEATURE:1cxx_generalized_initializers
    Feature record: CXX_FEATURE:0cxx_generic_lambdas
    Feature record: CXX_FEATURE:1cxx_inheriting_constructors
    Feature record: CXX_FEATURE:1cxx_inline_namespaces
    Feature record: CXX_FEATURE:1cxx_lambdas
    Feature record: CXX_FEATURE:0cxx_lambda_init_captures
    Feature record: CXX_FEATURE:1cxx_local_type_template_args
    Feature record: CXX_FEATURE:1cxx_long_long_type
    Feature record: CXX_FEATURE:1cxx_noexcept
    Feature record: CXX_FEATURE:1cxx_nonstatic_member_init
    Feature record: CXX_FEATURE:1cxx_nullptr
    Feature record: CXX_FEATURE:1cxx_override
    Feature record: CXX_FEATURE:1cxx_range_for
    Feature record: CXX_FEATURE:1cxx_raw_string_literals
    Feature record: CXX_FEATURE:1cxx_reference_qualified_functions
    Feature record: CXX_FEATURE:0cxx_relaxed_constexpr
    Feature record: CXX_FEATURE:0cxx_return_type_deduction
    Feature record: CXX_FEATURE:1cxx_right_angle_brackets
    Feature record: CXX_FEATURE:1cxx_rvalue_references
    Feature record: CXX_FEATURE:1cxx_sizeof_member
    Feature record: CXX_FEATURE:1cxx_static_assert
    Feature record: CXX_FEATURE:1cxx_strong_enums
    Feature record: CXX_FEATURE:1cxx_template_template_parameters
    Feature record: CXX_FEATURE:1cxx_thread_local
    Feature record: CXX_FEATURE:1cxx_trailing_return_types
    Feature record: CXX_FEATURE:1cxx_unicode_literals
    Feature record: CXX_FEATURE:1cxx_uniform_initialization
    Feature record: CXX_FEATURE:1cxx_unrestricted_unions
    Feature record: CXX_FEATURE:1cxx_user_literals
    Feature record: CXX_FEATURE:0cxx_variable_templates
    Feature record: CXX_FEATURE:1cxx_variadic_macros
    Feature record: CXX_FEATURE:1cxx_variadic_templates


Detecting CXX [-std=c++98] compiler features compiled with the following output:
Change Dir: /data/opt/tmp/1155107959/husky-sql/build/CMakeFiles/CMakeTmp

Run Build Command:"/usr/bin/gmake" "cmTC_0af3e/fast"
/usr/bin/gmake -f CMakeFiles/cmTC_0af3e.dir/build.make CMakeFiles/cmTC_0af3e.dir/build
gmake[1]: Entering directory `/data/opt/tmp/1155107959/husky-sql/build/CMakeFiles/CMakeTmp'
Building CXX object CMakeFiles/cmTC_0af3e.dir/feature_tests.cxx.o
/data/opt/gcc-6.1.0-bottle/bin/g++    -std=c++98 -o CMakeFiles/cmTC_0af3e.dir/feature_tests.cxx.o -c /data/opt/tmp/1155107959/husky-sql/build/CMakeFiles/feature_tests.cxx
Linking CXX executable cmTC_0af3e
/data/opt/brew/Cellar/cmake/3.10.1/bin/cmake -E cmake_link_script CMakeFiles/cmTC_0af3e.dir/link.txt --verbose=1
/data/opt/gcc-6.1.0-bottle/bin/g++       -rdynamic CMakeFiles/cmTC_0af3e.dir/feature_tests.cxx.o  -o cmTC_0af3e 
gmake[1]: Leaving directory `/data/opt/tmp/1155107959/husky-sql/build/CMakeFiles/CMakeTmp'


    Feature record: CXX_FEATURE:0cxx_aggregate_default_initializers
    Feature record: CXX_FEATURE:0cxx_alias_templates
    Feature record: CXX_FEATURE:0cxx_alignas
    Feature record: CXX_FEATURE:0cxx_alignof
    Feature record: CXX_FEATURE:0cxx_attributes
    Feature record: CXX_FEATURE:0cxx_attribute_deprecated
    Feature record: CXX_FEATURE:0cxx_auto_type
    Feature record: CXX_FEATURE:0cxx_binary_literals
    Feature record: CXX_FEATURE:0cxx_constexpr
    Feature record: CXX_FEATURE:0cxx_contextual_conversions
    Feature record: CXX_FEATURE:0cxx_decltype
    Feature record: CXX_FEATURE:0cxx_decltype_auto
    Feature record: CXX_FEATURE:0cxx_decltype_incomplete_return_types
    Feature record: CXX_FEATURE:0cxx_default_function_template_args
    Feature record: CXX_FEATURE:0cxx_defaulted_functions
    Feature record: CXX_FEATURE:0cxx_defaulted_move_initializers
    Feature record: CXX_FEATURE:0cxx_delegating_constructors
    Feature record: CXX_FEATURE:0cxx_deleted_functions
    Feature record: CXX_FEATURE:0cxx_digit_separators
    Feature record: CXX_FEATURE:0cxx_enum_forward_declarations
    Feature record: CXX_FEATURE:0cxx_explicit_conversions
    Feature record: CXX_FEATURE:0cxx_extended_friend_declarations
    Feature record: CXX_FEATURE:0cxx_extern_templates
    Feature record: CXX_FEATURE:0cxx_final
    Feature record: CXX_FEATURE:0cxx_func_identifier
    Feature record: CXX_FEATURE:0cxx_generalized_initializers
    Feature record: CXX_FEATURE:0cxx_generic_lambdas
    Feature record: CXX_FEATURE:0cxx_inheriting_constructors
    Feature record: CXX_FEATURE:0cxx_inline_namespaces
    Feature record: CXX_FEATURE:0cxx_lambdas
    Feature record: CXX_FEATURE:0cxx_lambda_init_captures
    Feature record: CXX_FEATURE:0cxx_local_type_template_args
    Feature record: CXX_FEATURE:0cxx_long_long_type
    Feature record: CXX_FEATURE:0cxx_noexcept
    Feature record: CXX_FEATURE:0cxx_nonstatic_member_init
    Feature record: CXX_FEATURE:0cxx_nullptr
    Feature record: CXX_FEATURE:0cxx_override
    Feature record: CXX_FEATURE:0cxx_range_for
    Feature record: CXX_FEATURE:0cxx_raw_string_literals
    Feature record: CXX_FEATURE:0cxx_reference_qualified_functions
    Feature record: CXX_FEATURE:0cxx_relaxed_constexpr
    Feature record: CXX_FEATURE:0cxx_return_type_deduction
    Feature record: CXX_FEATURE:0cxx_right_angle_brackets
    Feature record: CXX_FEATURE:0cxx_rvalue_references
    Feature record: CXX_FEATURE:0cxx_sizeof_member
    Feature record: CXX_FEATURE:0cxx_static_assert
    Feature record: CXX_FEATURE:0cxx_strong_enums
    Feature record: CXX_FEATURE:1cxx_template_template_parameters
    Feature record: CXX_FEATURE:0cxx_thread_local
    Feature record: CXX_FEATURE:0cxx_trailing_return_types
    Feature record: CXX_FEATURE:0cxx_unicode_literals
    Feature record: CXX_FEATURE:0cxx_uniform_initialization
    Feature record: CXX_FEATURE:0cxx_unrestricted_unions
    Feature record: CXX_FEATURE:0cxx_user_literals
    Feature record: CXX_FEATURE:0cxx_variable_templates
    Feature record: CXX_FEATURE:0cxx_variadic_macros
    Feature record: CXX_FEATURE:0cxx_variadic_templates
Determining if the include file pthread.h exists passed with the following output:
Change Dir: /data/opt/tmp/1155107959/husky-sql/build/CMakeFiles/CMakeTmp

Run Build Command:"/usr/bin/gmake" "cmTC_e415c/fast"
/usr/bin/gmake -f CMakeFiles/cmTC_e415c.dir/build.make CMakeFiles/cmTC_e415c.dir/build
gmake[1]: Entering directory `/data/opt/tmp/1155107959/husky-sql/build/CMakeFiles/CMakeTmp'
Building C object CMakeFiles/cmTC_e415c.dir/CheckIncludeFile.c.o
/data/opt/gcc-6.1.0-bottle/bin/gcc    -o CMakeFiles/cmTC_e415c.dir/CheckIncludeFile.c.o   -c /data/opt/tmp/1155107959/husky-sql/build/CMakeFiles/CMakeTmp/CheckIncludeFile.c
Linking C executable cmTC_e415c
/data/opt/brew/Cellar/cmake/3.10.1/bin/cmake -E cmake_link_script CMakeFiles/cmTC_e415c.dir/link.txt --verbose=1
/data/opt/gcc-6.1.0-bottle/bin/gcc      -rdynamic CMakeFiles/cmTC_e415c.dir/CheckIncludeFile.c.o  -o cmTC_e415c 
gmake[1]: Leaving directory `/data/opt/tmp/1155107959/husky-sql/build/CMakeFiles/CMakeTmp'


Determining if the function pthread_create exists in the pthread passed with the following output:
Change Dir: /data/opt/tmp/1155107959/husky-sql/build/CMakeFiles/CMakeTmp

Run Build Command:"/usr/bin/gmake" "cmTC_5c86d/fast"
/usr/bin/gmake -f CMakeFiles/cmTC_5c86d.dir/build.make CMakeFiles/cmTC_5c86d.dir/build
gmake[1]: Entering directory `/data/opt/tmp/1155107959/husky-sql/build/CMakeFiles/CMakeTmp'
Building C object CMakeFiles/cmTC_5c86d.dir/CheckFunctionExists.c.o
/data/opt/gcc-6.1.0-bottle/bin/gcc   -DCHECK_FUNCTION_EXISTS=pthread_create   -o CMakeFiles/cmTC_5c86d.dir/CheckFunctionExists.c.o   -c /data/opt/brew/Cellar/cmake/3.10.1/share/cmake/Modules/CheckFunctionExists.c
Linking C executable cmTC_5c86d
/data/opt/brew/Cellar/cmake/3.10.1/bin/cmake -E cmake_link_script CMakeFiles/cmTC_5c86d.dir/link.txt --verbose=1
/data/opt/gcc-6.1.0-bottle/bin/gcc  -DCHECK_FUNCTION_EXISTS=pthread_create    -rdynamic CMakeFiles/cmTC_5c86d.dir/CheckFunctionExists.c.o  -o cmTC_5c86d -lpthread 
gmake[1]: Leaving directory `/data/opt/tmp/1155107959/husky-sql/build/CMakeFiles/CMakeTmp'


