Determining if the pthread_create exist failed with the following output:
Change Dir: /data/opt/tmp/1155107959/husky-sql/build/CMakeFiles/CMakeTmp

Run Build Command:"/usr/bin/gmake" "cmTC_be6b6/fast"
/usr/bin/gmake -f CMakeFiles/cmTC_be6b6.dir/build.make CMakeFiles/cmTC_be6b6.dir/build
gmake[1]: Entering directory `/data/opt/tmp/1155107959/husky-sql/build/CMakeFiles/CMakeTmp'
Building C object CMakeFiles/cmTC_be6b6.dir/CheckSymbolExists.c.o
/data/opt/gcc-6.1.0-bottle/bin/gcc    -o CMakeFiles/cmTC_be6b6.dir/CheckSymbolExists.c.o   -c /data/opt/tmp/1155107959/husky-sql/build/CMakeFiles/CMakeTmp/CheckSymbolExists.c
Linking C executable cmTC_be6b6
/data/opt/brew/Cellar/cmake/3.10.1/bin/cmake -E cmake_link_script CMakeFiles/cmTC_be6b6.dir/link.txt --verbose=1
/data/opt/gcc-6.1.0-bottle/bin/gcc      -rdynamic CMakeFiles/cmTC_be6b6.dir/CheckSymbolExists.c.o  -o cmTC_be6b6 
CMakeFiles/cmTC_be6b6.dir/CheckSymbolExists.c.o: In function `main':
CheckSymbolExists.c:(.text+0x16): undefined reference to `pthread_create'
collect2: error: ld returned 1 exit status
gmake[1]: *** [cmTC_be6b6] Error 1
gmake[1]: Leaving directory `/data/opt/tmp/1155107959/husky-sql/build/CMakeFiles/CMakeTmp'
gmake: *** [cmTC_be6b6/fast] Error 2

File /data/opt/tmp/1155107959/husky-sql/build/CMakeFiles/CMakeTmp/CheckSymbolExists.c:
/* */
#include <pthread.h>

int main(int argc, char** argv)
{
  (void)argv;
#ifndef pthread_create
  return ((int*)(&pthread_create))[argc];
#else
  (void)argc;
  return 0;
#endif
}

Determining if the function pthread_create exists in the pthreads failed with the following output:
Change Dir: /data/opt/tmp/1155107959/husky-sql/build/CMakeFiles/CMakeTmp

Run Build Command:"/usr/bin/gmake" "cmTC_10c99/fast"
/usr/bin/gmake -f CMakeFiles/cmTC_10c99.dir/build.make CMakeFiles/cmTC_10c99.dir/build
gmake[1]: Entering directory `/data/opt/tmp/1155107959/husky-sql/build/CMakeFiles/CMakeTmp'
Building C object CMakeFiles/cmTC_10c99.dir/CheckFunctionExists.c.o
/data/opt/gcc-6.1.0-bottle/bin/gcc   -DCHECK_FUNCTION_EXISTS=pthread_create   -o CMakeFiles/cmTC_10c99.dir/CheckFunctionExists.c.o   -c /data/opt/brew/Cellar/cmake/3.10.1/share/cmake/Modules/CheckFunctionExists.c
Linking C executable cmTC_10c99
/data/opt/brew/Cellar/cmake/3.10.1/bin/cmake -E cmake_link_script CMakeFiles/cmTC_10c99.dir/link.txt --verbose=1
/data/opt/gcc-6.1.0-bottle/bin/gcc  -DCHECK_FUNCTION_EXISTS=pthread_create    -rdynamic CMakeFiles/cmTC_10c99.dir/CheckFunctionExists.c.o  -o cmTC_10c99 -lpthreads 
/data/opt/brew/bin/ld: cannot find -lpthreads
collect2: error: ld returned 1 exit status
gmake[1]: *** [cmTC_10c99] Error 1
gmake[1]: Leaving directory `/data/opt/tmp/1155107959/husky-sql/build/CMakeFiles/CMakeTmp'
gmake: *** [cmTC_10c99/fast] Error 2


